This is pdfTeX, Version 3.141592-1.40.4 (MiKTeX 2.7) (preloaded format=latex 2008.2.7)  8 JAN 2009 20:11
entering extended mode
**C:/thesis/unsw/thesis.tex
(C:/thesis/unsw/thesis.tex
LaTeX2e <2005/12/01>
Babel <v3.8h> and hyphenation patterns for english, dumylang, nohyphenation, ge
rman, ngerman, french, loaded.
(unswthesis.cls
Document Class: unswthesis 1995/10/23 v1.6a University of NSW Thesis Class
(fancyheadings.sty
\headrulewidth=\dimen102
\footrulewidth=\dimen103
\plainheadrulewidth=\dimen104
\plainfootrulewidth=\dimen105
\headwidth=\dimen106
\footruleskip=\dimen107
) (C:\Programs\MiKTeX\tex\latex\base\book.cls
Document Class: book 2005/09/16 v1.4f Standard LaTeX document class
(C:\Programs\MiKTeX\tex\latex\base\bk11.clo
File: bk11.clo 2005/09/16 v1.4f Standard LaTeX file (size option)
)
\c@part=\count79
\c@chapter=\count80
\c@section=\count81
\c@subsection=\count82
\c@subsubsection=\count83
\c@paragraph=\count84
\c@subparagraph=\count85
\c@figure=\count86
\c@table=\count87
\abovecaptionskip=\skip41
\belowcaptionskip=\skip42
\bibindent=\dimen108
)) (mythesis.sty
(C:\Programs\MiKTeX\tex\latex\tools\xspace.sty
Package: xspace 2006/05/08 v1.12 Space after command names (DPC,MH)
)
(C:\Programs\MiKTeX\tex\latex\fancybox\fancybox.sty
Package: fancybox 2000/09/19 1.3

Style option: `fancybox' v1.3 <2000/09/19> (tvz)
\@fancybox=\box26
\shadowsize=\dimen109
\@Sbox=\box27
\do@VerbBox=\toks14
\the@fancyput=\toks15
\this@fancyput=\toks16
\EndVerbatimTokens=\toks17
\Verbatim@Outfile=\write3
\Verbatim@Infile=\read1
) (C:\Programs\MiKTeX\tex\latex\graphics\graphics.sty
Package: graphics 2006/02/20 v1.0o Standard LaTeX Graphics (DPC,SPQR)

(C:\Programs\MiKTeX\tex\latex\graphics\trig.sty
Package: trig 1999/03/16 v1.09 sin cos tan (DPC)
)
(C:\Programs\MiKTeX\tex\latex\00miktex\graphics.cfg
File: graphics.cfg 2007/01/18 v1.5 graphics configuration of teTeX/TeXLive
)
Package graphics Info: Driver file: dvips.def on input line 90.

(C:\Programs\MiKTeX\tex\latex\graphics\dvips.def
File: dvips.def 1999/02/16 v3.0i Driver-dependant file (DPC,SPQR)
))
LaTeX Info: Redefining \emph on input line 40.
) (thesis.aux)
LaTeX Font Info:    Checking defaults for OML/cmm/m/it on input line 29.
LaTeX Font Info:    ... okay on input line 29.
LaTeX Font Info:    Checking defaults for T1/cmr/m/n on input line 29.
LaTeX Font Info:    ... okay on input line 29.
LaTeX Font Info:    Checking defaults for OT1/cmr/m/n on input line 29.
LaTeX Font Info:    ... okay on input line 29.
LaTeX Font Info:    Checking defaults for OMS/cmsy/m/n on input line 29.
LaTeX Font Info:    ... okay on input line 29.
LaTeX Font Info:    Checking defaults for OMX/cmex/m/n on input line 29.
LaTeX Font Info:    ... okay on input line 29.
LaTeX Font Info:    Checking defaults for U/cmr/m/n on input line 29.
LaTeX Font Info:    ... okay on input line 29.
 [1



]
(thesis.toc
LaTeX Font Info:    External font `cmex10' loaded for size
(Font)              <10.95> on input line 3.
LaTeX Font Info:    External font `cmex10' loaded for size
(Font)              <8> on input line 3.
LaTeX Font Info:    External font `cmex10' loaded for size
(Font)              <6> on input line 3.
)
\tf@toc=\write4
 [1

] (thesis.lof)
\tf@lof=\write5
 [2

] (thesis.lot)
\tf@lot=\write6
 [3

]
Chapter 1.
[1


]
Chapter 2.
[2

]
Chapter 3.
LaTeX Font Info:    External font `cmex10' loaded for size
(Font)              <9> on input line 128.
LaTeX Font Info:    External font `cmex10' loaded for size
(Font)              <5> on input line 128.
LaTeX Font Info:    Try loading font information for OMS+cmr on input line 159.

(C:\Programs\MiKTeX\tex\latex\base\omscmr.fd
File: omscmr.fd 1999/05/25 v2.5h Standard LaTeX font definitions
)
LaTeX Font Info:    Font shape `OMS/cmr/m/n' in size <10.95> not available
(Font)              Font shape `OMS/cmsy/m/n' tried instead on input line 159.
 [3

]

LaTeX Warning: Reference `sc:el:mem' on page 4 undefined on input line 192.

[4] [5]
Chapter 4.
[6

] [7

]
Appendix A.
[8

]
Appendix B.
[22


] (thesis.aux)

LaTeX Warning: There were undefined references.

 ) 
Here is how much of TeX's memory you used:
 937 strings out of 95341
 10107 string characters out of 1184471
 63588 words of memory out of 1500000
 4142 multiletter control sequences out of 110000
 14100 words of font info for 48 fonts, out of 1200000 for 2000
 16 hyphenation exceptions out of 8191
 27i,18n,23p,214b,448s stack positions out of 5000i,500n,10000p,200000b,5000s

Output written on thesis.dvi (13 pages, 21952 bytes).
