This is pdfTeX, Version 3.141592-1.40.4 (MiKTeX 2.7) (preloaded format=latex 2008.2.7)  15 MAR 2009 06:08
entering extended mode
**makebst.dtx
(makebst.dtx
LaTeX2e <2005/12/01>
Babel <v3.8h> and hyphenation patterns for english, dumylang, nohyphenation, ge
rman, ngerman, french, loaded.
File: MAKEBST.DTX 
File: makebst 2003/09/08 4.1 (PWD, AO)

LaTeX Warning: File `makebst.ins' already exists on the system.
               Not generating it from this source.

(C:\Programs\MiKTeX\tex\latex\base\ltxdoc.cls
Document Class: ltxdoc 1999/08/08 v2.0u Standard LaTeX documentation class
(C:\Programs\MiKTeX\tex\latex\base\article.cls
Document Class: article 2005/09/16 v1.4f Standard LaTeX document class
(C:\Programs\MiKTeX\tex\latex\base\size10.clo
File: size10.clo 2005/09/16 v1.4f Standard LaTeX file (size option)
)
\c@part=\count79
\c@section=\count80
\c@subsection=\count81
\c@subsubsection=\count82
\c@paragraph=\count83
\c@subparagraph=\count84
\c@figure=\count85
\c@table=\count86
\abovecaptionskip=\skip41
\belowcaptionskip=\skip42
\bibindent=\dimen102
)
(C:\Programs\MiKTeX\tex\latex\base\doc.sty
Package: doc 2006/02/02 v2.1d Standard LaTeX documentation package (FMi)
\c@StandardModuleDepth=\count87
\guard@level=\count88
\MacrocodeTopsep=\skip43
\MacroIndent=\dimen103
\macro@cnt=\count89
\MacroTopsep=\skip44
\index@excludelist=\toks14

(C:\Programs\MiKTeX\tex\latex\tools\multicol.sty
Package: multicol 2006/05/18 v1.6g multicolumn formatting (FMi)
\c@tracingmulticols=\count90
\mult@box=\box26
\multicol@leftmargin=\dimen104
\c@unbalance=\count91
\c@collectmore=\count92
\doublecol@number=\count93
\multicoltolerance=\count94
\multicolpretolerance=\count95
\full@width=\dimen105
\page@free=\dimen106
\premulticols=\dimen107
\postmulticols=\dimen108
\multicolsep=\skip45
\multicolbaselineskip=\skip46
\partial@page=\box27
\last@line=\box28
\mult@rightbox=\box29
\mult@grightbox=\box30
\mult@gfirstbox=\box31
\mult@firstbox=\box32
\@tempa=\box33
\@tempa=\box34
\@tempa=\box35
\@tempa=\box36
\@tempa=\box37
\@tempa=\box38
\@tempa=\box39
\@tempa=\box40
\@tempa=\box41
\@tempa=\box42
\@tempa=\box43
\@tempa=\box44
\@tempa=\box45
\@tempa=\box46
\@tempa=\box47
\@tempa=\box48
\@tempa=\box49
\c@columnbadness=\count96
\c@finalcolumnbadness=\count97
\last@try=\dimen109
\multicolovershoot=\dimen110
\multicolundershoot=\dimen111
\mult@nat@firstbox=\box50
\colbreak@box=\box51
)
\IndexMin=\dimen112
\c@IndexColumns=\count98
\GlossaryMin=\dimen113
\c@GlossaryColumns=\count99
\check@sum=\count100
\bslash@cnt=\count101
\wrong@table=\toks15
\c@CodelineNo=\count102
))
No file makebst.aux.
LaTeX Font Info:    Checking defaults for OML/cmm/m/it on input line 160.
LaTeX Font Info:    ... okay on input line 160.
LaTeX Font Info:    Checking defaults for T1/cmr/m/n on input line 160.
LaTeX Font Info:    ... okay on input line 160.
LaTeX Font Info:    Checking defaults for OT1/cmr/m/n on input line 160.
LaTeX Font Info:    ... okay on input line 160.
LaTeX Font Info:    Checking defaults for OMS/cmsy/m/n on input line 160.
LaTeX Font Info:    ... okay on input line 160.
LaTeX Font Info:    Checking defaults for OMX/cmex/m/n on input line 160.
LaTeX Font Info:    ... okay on input line 160.
LaTeX Font Info:    Checking defaults for U/cmr/m/n on input line 160.
LaTeX Font Info:    ... okay on input line 160.
Package doc Info: Made | a short reference for \verb on input line 160.
(makebst.dtx
File: makebst 2003/09/08 4.1 (PWD, AO)

***************************
* Character table correct *
***************************
LaTeX Font Info:    External font `cmex10' loaded for size
(Font)              <12> on input line 214.
LaTeX Font Info:    External font `cmex10' loaded for size
(Font)              <8> on input line 214.
LaTeX Font Info:    External font `cmex10' loaded for size
(Font)              <6> on input line 214.
LaTeX Font Info:    External font `cmex10' loaded for size
(Font)              <5> on input line 214.
[1

] [2]

LaTeX Warning: Reference `sec:menu' on page 3 undefined on input line 330.


LaTeX Warning: Reference `sec:menu' on page 3 undefined on input line 355.

LaTeX Font Info:    Font shape `OT1/cmtt/bx/n' in size <14.4> not available
(Font)              Font shape `OT1/cmtt/m/n' tried instead on input line 363.
LaTeX Font Info:    Font shape `OT1/cmtt/bx/n' in size <12> not available
(Font)              Font shape `OT1/cmtt/m/n' tried instead on input line 365.
LaTeX Font Info:    External font `cmex10' loaded for size
(Font)              <7> on input line 371.
[3] [4]
LaTeX Font Info:    Font shape `OT1/cmss/m/it' in size <10> not available
(Font)              Font shape `OT1/cmss/m/sl' tried instead on input line 425.

 [5] [6] [7]
LaTeX Font Info:    External font `cmex10' loaded for size
(Font)              <9> on input line 626.
 [8] [9] [10] [11] [12] [13]
Underfull \hbox (badness 10000) in paragraph at lines 951--961

 []

[14]
Overfull \hbox (0.5877pt too wide) in paragraph at lines 1049--1049
 [][]  \OT1/cmtt/m/n/9 \ifx\tempa\empty\expandafter\firstoftwo\else\expandafter
\secondoftwo\fi 
 []

[15] [16]
Overfull \hbox (10.0376pt too wide) in paragraph at lines 1156--1156
 [][]\OT1/cmtt/m/n/9 \wr{\pcpc Generated with \filename, version \fileversion\s
pace (\filedate)} 
 []

[17] [18]
No file makebst.ind.
No file makebst.gls.
*******************
* Checksum passed *
*******************
) [19] (makebst.aux)

LaTeX Warning: There were undefined references.


LaTeX Warning: Label(s) may have changed. Rerun to get cross-references right.

 ) 
Here is how much of TeX's memory you used:
 615 strings out of 95341
 7032 string characters out of 1184471
 58180 words of memory out of 1500000
 3845 multiletter control sequences out of 110000
 13285 words of font info for 48 fonts, out of 1200000 for 2000
 14 hyphenation exceptions out of 8191
 30i,6n,21p,267b,444s stack positions out of 5000i,500n,10000p,200000b,5000s

Output written on makebst.dvi (19 pages, 50700 bytes).
